2020-05-01 01:33:29.251  INFO 11984 --- [restartedMain] com.fr.FlightReservationApplication      : Starting FlightReservationApplication on JAYBACHS-PC with PID 11984 (started by Dipanjay in F:\Spring Workspace\Boot\FlightReservationApplication)
2020-05-01 01:33:29.256  INFO 11984 --- [restartedMain] com.fr.FlightReservationApplication      : No active profile set, falling back to default profiles: default
2020-05-01 01:33:29.324  INFO 11984 --- [restartedMain] o.s.b.devtools.restart.ChangeableUrls    : The Class-Path manifest attribute in C:\Users\Dipanjay\.m2\repository\org\glassfish\jaxb\jaxb-runtime\2.3.2\jaxb-runtime-2.3.2.jar referenced one or more files that do not exist: file:/C:/Users/Dipanjay/.m2/repository/org/glassfish/jaxb/jaxb-runtime/2.3.2/jakarta.xml.bind-api-2.3.2.jar,file:/C:/Users/Dipanjay/.m2/repository/org/glassfish/jaxb/jaxb-runtime/2.3.2/txw2-2.3.2.jar,file:/C:/Users/Dipanjay/.m2/repository/org/glassfish/jaxb/jaxb-runtime/2.3.2/istack-commons-runtime-3.0.8.jar,file:/C:/Users/Dipanjay/.m2/repository/org/glassfish/jaxb/jaxb-runtime/2.3.2/stax-ex-1.8.1.jar,file:/C:/Users/Dipanjay/.m2/repository/org/glassfish/jaxb/jaxb-runtime/2.3.2/FastInfoset-1.2.16.jar,file:/C:/Users/Dipanjay/.m2/repository/org/glassfish/jaxb/jaxb-runtime/2.3.2/jakarta.activation-api-1.2.1.jar
2020-05-01 01:33:29.326  INFO 11984 --- [restartedMain] .e.DevToolsPropertyDefaultsPostProcessor : Devtools property defaults active! Set 'spring.devtools.add-properties' to 'false' to disable
2020-05-01 01:33:29.327  INFO 11984 --- [restartedMain] .e.DevToolsPropertyDefaultsPostProcessor : For additional web related logging consider setting the 'logging.level.web' property to 'DEBUG'
2020-05-01 01:33:30.221  INFO 11984 --- [restartedMain] .s.d.r.c.RepositoryConfigurationDelegate : Bootstrapping Spring Data JPA repositories in DEFAULT mode.
2020-05-01 01:33:30.329  INFO 11984 --- [restartedMain] .s.d.r.c.RepositoryConfigurationDelegate : Finished Spring Data repository scanning in 97ms. Found 4 JPA repository interfaces.
2020-05-01 01:33:30.718  INFO 11984 --- [restartedMain] trationDelegate$BeanPostProcessorChecker : Bean 'org.springframework.transaction.annotation.ProxyTransactionManagementConfiguration' of type [org.springframework.transaction.annotation.ProxyTransactionManagementConfiguration] is not eligible for getting processed by all BeanPostProcessors (for example: not eligible for auto-proxying)
2020-05-01 01:33:31.152  INFO 11984 --- [restartedMain] o.s.b.w.embedded.tomcat.TomcatWebServer  : Tomcat initialized with port(s): 78 (http)
2020-05-01 01:33:31.162  INFO 11984 --- [restartedMain] o.apache.catalina.core.StandardService   : Starting service [Tomcat]
2020-05-01 01:33:31.162  INFO 11984 --- [restartedMain] org.apache.catalina.core.StandardEngine  : Starting Servlet engine: [Apache Tomcat/9.0.30]
2020-05-01 01:33:31.497  INFO 11984 --- [restartedMain] org.apache.jasper.servlet.TldScanner     : At least one JAR was scanned for TLDs yet contained no TLDs. Enable debug logging for this logger for a complete list of JARs that were scanned but no TLDs were found in them. Skipping unneeded JARs during scanning can improve startup time and JSP compilation time.
2020-05-01 01:33:31.504  INFO 11984 --- [restartedMain] o.a.c.c.C.[Tomcat].[localhost].[/]       : Initializing Spring embedded WebApplicationContext
2020-05-01 01:33:31.504  INFO 11984 --- [restartedMain] o.s.web.context.ContextLoader            : Root WebApplicationContext: initialization completed in 2177 ms
2020-05-01 01:33:31.671  INFO 11984 --- [restartedMain] com.zaxxer.hikari.HikariDataSource       : HikariPool-1 - Starting...
2020-05-01 01:33:31.855  INFO 11984 --- [restartedMain] com.zaxxer.hikari.HikariDataSource       : HikariPool-1 - Start completed.
2020-05-01 01:33:32.057  INFO 11984 --- [restartedMain] o.hibernate.jpa.internal.util.LogHelper  : HHH000204: Processing PersistenceUnitInfo [name: default]
2020-05-01 01:33:32.142  INFO 11984 --- [restartedMain] org.hibernate.Version                    : HHH000412: Hibernate Core {5.4.10.Final}
2020-05-01 01:33:32.276  INFO 11984 --- [restartedMain] o.hibernate.annotations.common.Version   : HCANN000001: Hibernate Commons Annotations {5.1.0.Final}
2020-05-01 01:33:32.390  INFO 11984 --- [restartedMain] org.hibernate.dialect.Dialect            : HHH000400: Using dialect: org.hibernate.dialect.MySQL55Dialect
2020-05-01 01:33:33.116  INFO 11984 --- [restartedMain] o.h.e.t.j.p.i.JtaPlatformInitiator       : HHH000490: Using JtaPlatform implementation: [org.hibernate.engine.transaction.jta.platform.internal.NoJtaPlatform]
2020-05-01 01:33:33.124  INFO 11984 --- [restartedMain] j.LocalContainerEntityManagerFactoryBean : Initialized JPA EntityManagerFactory for persistence unit 'default'
2020-05-01 01:33:33.719  WARN 11984 --- [restartedMain] JpaBaseConfiguration$JpaWebConfiguration : spring.jpa.open-in-view is enabled by default. Therefore, database queries may be performed during view rendering. Explicitly configure spring.jpa.open-in-view to disable this warning
2020-05-01 01:33:33.903  INFO 11984 --- [restartedMain] o.s.s.concurrent.ThreadPoolTaskExecutor  : Initializing ExecutorService 'applicationTaskExecutor'
2020-05-01 01:33:34.120  INFO 11984 --- [restartedMain] o.s.b.d.a.OptionalLiveReloadServer       : LiveReload server is running on port 35729
2020-05-01 01:33:34.180  INFO 11984 --- [restartedMain] o.s.b.w.embedded.tomcat.TomcatWebServer  : Tomcat started on port(s): 78 (http) with context path ''
2020-05-01 01:33:34.185  INFO 11984 --- [restartedMain] com.fr.FlightReservationApplication      : Started FlightReservationApplication in 5.434 seconds (JVM running for 6.9)
2020-05-01 01:33:47.057  INFO 11984 --- [http-nio-78-exec-1] o.a.c.c.C.[Tomcat].[localhost].[/]       : Initializing Spring DispatcherServlet 'dispatcherServlet'
2020-05-01 01:33:47.057  INFO 11984 --- [http-nio-78-exec-1] o.s.web.servlet.DispatcherServlet        : Initializing Servlet 'dispatcherServlet'
2020-05-01 01:33:47.069  INFO 11984 --- [http-nio-78-exec-1] o.s.web.servlet.DispatcherServlet        : Completed initialization in 12 ms
2020-05-01 01:33:47.097  INFO 11984 --- [http-nio-78-exec-1] com.fr.controllers.UserController        : showLoginPage()
2020-05-01 01:33:53.051  INFO 11984 --- [http-nio-78-exec-3] com.fr.controllers.UserController        : login()
2020-05-01 01:35:07.590  INFO 11984 --- [Thread-8] o.s.s.concurrent.ThreadPoolTaskExecutor  : Shutting down ExecutorService 'applicationTaskExecutor'
2020-05-01 01:35:07.595  INFO 11984 --- [Thread-8] j.LocalContainerEntityManagerFactoryBean : Closing JPA EntityManagerFactory for persistence unit 'default'
2020-05-01 01:35:07.607  INFO 11984 --- [Thread-8] com.zaxxer.hikari.HikariDataSource       : HikariPool-1 - Shutdown initiated...
2020-05-01 01:35:07.680  INFO 11984 --- [Thread-8] com.zaxxer.hikari.HikariDataSource       : HikariPool-1 - Shutdown completed.
